<?xml version="1.0" encoding="UTF-8"?>
<!-- Generated by org.testng.reporters.JUnitReportReporter -->
<testsuite hostname="LAPTOP-FSO08FDN" failures="0" tests="1" name="com.scenario1.SetUpBrowser" time="2.556" errors="0" timestamp="2024-01-22T08:43:25 PST" skipped="0">
  <testcase classname="com.scenario1.SetUpBrowser" name="OpenBrowser" time="2.556"/>
</testsuite> <!-- com.scenario1.SetUpBrowser -->
